
// ==========================================================================
//  GPPG error listing for yacc source file <SimpleYacc.y - 10/18/2019 5:48:08 PM>
// ==========================================================================
//  Version:  1.5.0
//  Machine:  WINDOWS-EUO6RK1
//  DateTime: 10/18/2019 5:48:24 PM
//  UserName: Alexander
// ==========================================================================


%{
// Ýòè îáúÿâëåíèÿ äîáàâëÿþòñÿ â êëàññ GPPGParser, ïðåäñòàâëÿþùèé ñîáîé ïàðñåð, ãåíåðèðóåìûé ñèñòåìîé gppg
    public Parser(AbstractScanner<int, LexLocation> scanner) : base(scanner) { }
%}

%output = SimpleYacc.cs

%namespace SimpleParser

%token BEGIN END CYCLE INUM RNUM ID ASSIGN SEMICOLON MINUS PLUS MULT DIVIDE OPENROUND CLOSEROUND IF

%%
// Error: NonTerminal symbol "ELSE" has no productions
// Warning: Terminating ELSE fixes the following size-1 NonTerminal set
   // {ELSE}
// Error: There are 1 non-terminating NonTerminal Symbols
   //  {ELSE}
// --------------------------------------------------------------------

progr   : block
		;

stlist	: statement 
		| stlist SEMICOLON statement 
		;

statement: assign
		| block  
		| cycle  
        | if
		;

ident 	: ID 
		;
	
assign 	: ident ASSIGN expr 
		;

expr	: e1
		;

e1      : e2 
        | e1 PLUS e2
        | e1 MINUS e2
        ;
        
e2      : e3 
        | e2 MULT e3
        | e2 DIVIDE e3
        ;
        
e3      : ident 
        | INUM
        | RNUM
        | OPENROUND expr CLOSEROUND
        ;
        
if		: IF expr statement
		| IF expr statement ELSE statement
		;


block	: BEGIN stlist END 
		;

cycle	: CYCLE expr statement 
		;
	
%%
// ==========================================================================

